2025-02-14 01:44:11,404 - INFO - Fetching products with offset 0
2025-02-14 01:44:16,134 - INFO - Successfully imported 50 basic product records
2025-02-14 01:44:16,484 - INFO - Successfully imported 1 SKU records for product 4497416721
2025-02-14 01:44:16,830 - INFO - Successfully imported 1 SKU records for product 4498808484
2025-02-14 01:44:17,275 - INFO - Successfully imported 1 SKU records for product 4495698676
2025-02-14 01:44:17,776 - INFO - Successfully imported 5 SKU records for product 4504995712
2025-02-14 01:44:18,137 - INFO - Successfully imported 1 SKU records for product 4505548161
2025-02-14 01:44:18,501 - INFO - Successfully imported 1 SKU records for product 4504932108
2025-02-14 01:44:18,874 - INFO - Successfully imported 1 SKU records for product 4498529453
2025-02-14 01:44:19,285 - INFO - Successfully imported 1 SKU records for product 4503356018
2025-02-14 01:44:19,892 - INFO - Successfully imported 6 SKU records for product 4496725150
2025-02-14 01:44:20,258 - INFO - Successfully imported 1 SKU records for product 4496028897
2025-02-14 01:44:20,551 - INFO - Successfully imported 1 SKU records for product 4498864568
2025-02-14 01:44:20,936 - INFO - Successfully imported 1 SKU records for product 4505180324
2025-02-14 01:44:22,616 - INFO - Successfully imported 25 SKU records for product 4498908416
2025-02-14 01:44:22,946 - INFO - Successfully imported 1 SKU records for product 4500096412
2025-02-14 01:44:23,322 - INFO - Successfully imported 1 SKU records for product 4496397096
2025-02-14 01:44:23,981 - INFO - Successfully imported 5 SKU records for product 4504950575
2025-02-14 01:44:24,438 - INFO - Successfully imported 1 SKU records for product 4505367335
2025-02-14 01:44:25,470 - INFO - Successfully imported 12 SKU records for product 4506390710
2025-02-14 01:44:26,943 - INFO - Successfully imported 20 SKU records for product 4506149944
2025-02-14 01:44:27,331 - INFO - Successfully imported 1 SKU records for product 4497779640
2025-02-14 01:44:27,680 - INFO - Successfully imported 1 SKU records for product 4496579114
2025-02-14 01:44:28,029 - INFO - Successfully imported 1 SKU records for product 4505340603
2025-02-14 01:44:28,506 - INFO - Successfully imported 3 SKU records for product 4498530832
2025-02-14 01:44:28,996 - INFO - Successfully imported 2 SKU records for product 4498862367
2025-02-14 01:44:29,345 - INFO - Successfully imported 1 SKU records for product 4504761915
2025-02-14 01:44:29,834 - INFO - Successfully imported 3 SKU records for product 4496662335
2025-02-14 01:44:30,186 - INFO - Successfully imported 1 SKU records for product 4504120522
2025-02-14 01:44:30,544 - INFO - Successfully imported 1 SKU records for product 4495881924
2025-02-14 01:44:30,899 - INFO - Successfully imported 1 SKU records for product 4495679690
2025-02-14 01:44:31,280 - INFO - Successfully imported 1 SKU records for product 4495979067
2025-02-14 01:44:31,755 - INFO - Successfully imported 3 SKU records for product 4498648422
2025-02-14 01:44:32,279 - INFO - Successfully imported 3 SKU records for product 4502280594
2025-02-14 01:44:32,692 - INFO - Successfully imported 3 SKU records for product 4498810222
2025-02-14 01:44:33,033 - INFO - Successfully imported 1 SKU records for product 4497852124
2025-02-14 01:44:33,393 - INFO - Successfully imported 1 SKU records for product 4503348769
2025-02-14 01:44:33,737 - INFO - Successfully imported 1 SKU records for product 4502464916
2025-02-14 01:44:34,121 - INFO - Successfully imported 1 SKU records for product 4496503246
2025-02-14 01:44:34,556 - INFO - Successfully imported 1 SKU records for product 4495993909
2025-02-14 01:44:35,018 - INFO - Successfully imported 2 SKU records for product 4495954852
2025-02-14 01:44:35,362 - INFO - Successfully imported 1 SKU records for product 4495884185
2025-02-14 01:44:35,865 - INFO - Successfully imported 1 SKU records for product 4506567803
2025-02-14 01:44:36,250 - INFO - Successfully imported 1 SKU records for product 4501689397
2025-02-14 01:44:36,636 - INFO - Successfully imported 1 SKU records for product 4496769249
2025-02-14 01:44:37,089 - INFO - Successfully imported 2 SKU records for product 4505154671
2025-02-14 01:44:37,773 - INFO - Successfully imported 8 SKU records for product 4496719084
2025-02-14 01:44:38,138 - INFO - Successfully imported 1 SKU records for product 4498833239
2025-02-14 01:44:38,503 - INFO - Successfully imported 1 SKU records for product 4498881374
2025-02-14 01:44:38,852 - INFO - Successfully imported 1 SKU records for product 4496671356
2025-02-14 01:44:39,255 - INFO - Successfully imported 1 SKU records for product 4506891100
2025-02-14 01:44:39,609 - INFO - Successfully imported 1 SKU records for product 4504803453
2025-02-14 01:44:39,609 - INFO - Total products processed: 50
2025-02-14 01:44:40,611 - INFO - Fetching products with offset 50
2025-02-14 01:44:44,427 - INFO - Successfully imported 50 basic product records
2025-02-14 01:44:44,782 - INFO - Successfully imported 2 SKU records for product 4486060899
2025-02-14 01:44:45,146 - INFO - Successfully imported 1 SKU records for product 4482826037
2025-02-14 01:44:45,510 - INFO - Successfully imported 1 SKU records for product 4492145742
2025-02-14 01:44:45,861 - INFO - Successfully imported 1 SKU records for product 4491528612
2025-02-14 01:44:46,247 - INFO - Successfully imported 1 SKU records for product 4490777919
2025-02-14 01:44:46,647 - INFO - Successfully imported 1 SKU records for product 4490921143
2025-02-14 01:44:46,979 - INFO - Successfully imported 1 SKU records for product 4490167995
2025-02-14 01:44:47,446 - INFO - Successfully imported 2 SKU records for product 4491169066
2025-02-14 01:44:47,833 - INFO - Successfully imported 1 SKU records for product 4490689718
2025-02-14 01:44:48,276 - INFO - Successfully imported 1 SKU records for product 4490686901
2025-02-14 01:44:48,677 - INFO - Successfully imported 1 SKU records for product 4495874139
2025-02-14 01:44:49,061 - INFO - Successfully imported 1 SKU records for product 4494771660
2025-02-14 01:44:49,454 - INFO - Successfully imported 1 SKU records for product 4490908041
2025-02-14 01:44:49,970 - INFO - Successfully imported 4 SKU records for product 4488617260
2025-02-14 01:44:50,291 - INFO - Successfully imported 1 SKU records for product 4489431609
2025-02-14 01:44:50,792 - INFO - Successfully imported 2 SKU records for product 4492894717
2025-02-14 01:44:51,156 - INFO - Successfully imported 1 SKU records for product 4486724319
2025-02-14 01:44:51,657 - INFO - Successfully imported 1 SKU records for product 4490504861
2025-02-14 01:44:52,042 - INFO - Successfully imported 1 SKU records for product 4495324364
2025-02-14 01:44:52,388 - INFO - Successfully imported 1 SKU records for product 4495333197
2025-02-14 01:44:52,890 - INFO - Successfully imported 2 SKU records for product 4490818451
2025-02-14 01:44:53,318 - INFO - Successfully imported 1 SKU records for product 4495144144
2025-02-14 01:44:53,647 - INFO - Successfully imported 1 SKU records for product 4492244860
2025-02-14 01:44:53,990 - INFO - Successfully imported 1 SKU records for product 4488067138
2025-02-14 01:44:54,338 - INFO - Successfully imported 1 SKU records for product 4488119622
2025-02-14 01:44:54,655 - INFO - Successfully imported 1 SKU records for product 4487134001
2025-02-14 01:44:55,071 - INFO - Successfully imported 2 SKU records for product 4494998949
2025-02-14 01:44:55,556 - INFO - Successfully imported 2 SKU records for product 4488453699
2025-02-14 01:44:55,960 - INFO - Successfully imported 1 SKU records for product 4493194397
2025-02-14 01:44:56,518 - INFO - Successfully imported 2 SKU records for product 4493227165
2025-02-14 01:44:56,878 - INFO - Successfully imported 1 SKU records for product 4490496872
2025-02-14 01:44:57,286 - INFO - Successfully imported 1 SKU records for product 4488479431
2025-02-14 01:44:57,853 - INFO - Successfully imported 4 SKU records for product 4495100092
2025-02-14 01:44:58,232 - INFO - Successfully imported 1 SKU records for product 4490994047
2025-02-14 01:44:58,661 - INFO - Successfully imported 1 SKU records for product 4490532728
2025-02-14 01:44:59,054 - INFO - Successfully imported 1 SKU records for product 4493331072
2025-02-14 01:44:59,529 - INFO - Successfully imported 2 SKU records for product 4488116186
2025-02-14 01:44:59,880 - INFO - Successfully imported 1 SKU records for product 4495962016
2025-02-14 01:45:00,336 - INFO - Successfully imported 1 SKU records for product 4490867697
2025-02-14 01:45:00,814 - INFO - Successfully imported 1 SKU records for product 4492103198
2025-02-14 01:45:01,287 - INFO - Successfully imported 2 SKU records for product 4490880627
2025-02-14 01:45:01,888 - INFO - Successfully imported 1 SKU records for product 4490577737
2025-02-14 01:45:02,639 - INFO - Successfully imported 2 SKU records for product 4492427044
2025-02-14 01:45:03,447 - INFO - Successfully imported 1 SKU records for product 4486195853
2025-02-14 01:45:04,005 - INFO - Successfully imported 1 SKU records for product 4490346959
2025-02-14 01:45:04,526 - INFO - Successfully imported 1 SKU records for product 4486492294
2025-02-14 01:45:05,045 - INFO - Successfully imported 2 SKU records for product 4495489565
2025-02-14 01:45:05,941 - INFO - Successfully imported 5 SKU records for product 4488033647
2025-02-14 01:45:06,364 - INFO - Successfully imported 1 SKU records for product 4486198419
2025-02-14 01:45:06,742 - INFO - Successfully imported 1 SKU records for product 4490274910
2025-02-14 01:45:06,743 - INFO - Total products processed: 100
2025-02-14 01:45:07,744 - INFO - Fetching products with offset 100
2025-02-14 01:45:12,910 - INFO - Successfully imported 50 basic product records
2025-02-14 01:45:13,381 - INFO - Successfully imported 2 SKU records for product 4467103043
2025-02-14 01:45:13,974 - INFO - Successfully imported 2 SKU records for product 4474553399
2025-02-14 01:45:14,343 - INFO - Successfully imported 1 SKU records for product 4458550467
2025-02-14 01:45:14,721 - INFO - Successfully imported 1 SKU records for product 4467752651
2025-02-14 01:45:15,106 - INFO - Successfully imported 1 SKU records for product 4456696101
2025-02-14 01:45:15,593 - INFO - Successfully imported 1 SKU records for product 4458273842
2025-02-14 01:45:16,006 - INFO - Successfully imported 1 SKU records for product 4479379573
2025-02-14 01:45:16,414 - INFO - Successfully imported 1 SKU records for product 4458590285
2025-02-14 01:45:16,752 - INFO - Successfully imported 1 SKU records for product 4469071983
2025-02-14 01:45:17,361 - INFO - Successfully imported 5 SKU records for product 4480284696
2025-02-14 01:45:17,708 - INFO - Successfully imported 1 SKU records for product 4458613202
2025-02-14 01:45:18,074 - INFO - Successfully imported 1 SKU records for product 4458674131
2025-02-14 01:45:18,520 - INFO - Successfully imported 1 SKU records for product 4468868931
2025-02-14 01:45:18,891 - INFO - Successfully imported 1 SKU records for product 4479869473
2025-02-14 01:45:19,187 - INFO - Successfully imported 1 SKU records for product 4458601448
2025-02-14 01:45:19,774 - INFO - Successfully imported 4 SKU records for product 4478807003
2025-02-14 01:45:20,241 - INFO - Successfully imported 2 SKU records for product 4466893580
2025-02-14 01:45:20,750 - INFO - Successfully imported 1 SKU records for product 4448575002
2025-02-14 01:45:21,315 - INFO - Successfully imported 5 SKU records for product 4480259656
2025-02-14 01:45:21,686 - INFO - Successfully imported 1 SKU records for product 4458619145
2025-02-14 01:45:22,033 - INFO - Successfully imported 1 SKU records for product 4471112371
2025-02-14 01:45:22,399 - INFO - Successfully imported 1 SKU records for product 4473104205
2025-02-14 01:45:22,772 - INFO - Successfully imported 1 SKU records for product 4458640275
2025-02-14 01:45:23,107 - INFO - Successfully imported 1 SKU records for product 4456952691
2025-02-14 01:45:23,478 - INFO - Successfully imported 1 SKU records for product 4479556951
2025-02-14 01:45:23,841 - INFO - Successfully imported 1 SKU records for product 4458504680
2025-02-14 01:45:24,234 - INFO - Successfully imported 1 SKU records for product 4458706068
2025-02-14 01:45:24,619 - INFO - Successfully imported 1 SKU records for product 4455537099
2025-02-14 01:45:25,158 - INFO - Successfully imported 2 SKU records for product 4469370046
2025-02-14 01:45:25,508 - INFO - Successfully imported 1 SKU records for product 4458536805
2025-02-14 01:45:25,958 - INFO - Successfully imported 3 SKU records for product 4469104957
2025-02-14 01:45:26,288 - INFO - Successfully imported 1 SKU records for product 4470877858
2025-02-14 01:45:26,664 - INFO - Successfully imported 1 SKU records for product 4473199230
2025-02-14 01:45:27,051 - INFO - Successfully imported 1 SKU records for product 4468822969
2025-02-14 01:45:27,447 - INFO - Successfully imported 1 SKU records for product 4462421022
2025-02-14 01:45:27,810 - INFO - Successfully imported 1 SKU records for product 4474283478
2025-02-14 01:45:28,260 - INFO - Successfully imported 1 SKU records for product 4458665129
2025-02-14 01:45:28,626 - INFO - Successfully imported 1 SKU records for product 4458577064
2025-02-14 01:45:29,015 - INFO - Successfully imported 1 SKU records for product 4454624111
2025-02-14 01:45:29,431 - INFO - Successfully imported 1 SKU records for product 4469115150
2025-02-14 01:45:29,905 - INFO - Successfully imported 2 SKU records for product 4457063239
2025-02-14 01:45:30,571 - INFO - Successfully imported 5 SKU records for product 4480451454
2025-02-14 01:45:31,076 - INFO - Successfully imported 1 SKU records for product 4468853293
2025-02-14 01:45:31,545 - INFO - Successfully imported 2 SKU records for product 4458428750
2025-02-14 01:45:31,988 - INFO - Successfully imported 1 SKU records for product 4457980996
2025-02-14 01:45:32,329 - INFO - Successfully imported 1 SKU records for product 4455600736
2025-02-14 01:45:32,667 - INFO - Successfully imported 1 SKU records for product 4467637948
2025-02-14 01:45:33,045 - INFO - Successfully imported 1 SKU records for product 4461203358
2025-02-14 01:45:33,436 - INFO - Successfully imported 1 SKU records for product 4462289024
2025-02-14 01:45:33,876 - INFO - Successfully imported 1 SKU records for product 4479927163
2025-02-14 01:45:33,876 - INFO - Total products processed: 150
2025-02-14 01:45:34,881 - INFO - Fetching products with offset 150
2025-02-14 01:45:40,118 - INFO - Successfully imported 50 basic product records
2025-02-14 01:45:40,495 - INFO - Successfully imported 1 SKU records for product 4424134709
2025-02-14 01:45:40,844 - INFO - Successfully imported 1 SKU records for product 4439079069
2025-02-14 01:45:41,207 - INFO - Successfully imported 1 SKU records for product 4431094929
2025-02-14 01:45:41,727 - INFO - Successfully imported 2 SKU records for product 4424852915
2025-02-14 01:45:42,187 - INFO - Successfully imported 1 SKU records for product 4401995504
2025-02-14 01:45:42,640 - INFO - Successfully imported 1 SKU records for product 4448107832
2025-02-14 01:45:43,138 - INFO - Successfully imported 1 SKU records for product 4439060110
2025-02-14 01:45:43,620 - INFO - Successfully imported 2 SKU records for product 4424304047
2025-02-14 01:45:44,008 - INFO - Successfully imported 1 SKU records for product 4432199601
2025-02-14 01:45:44,375 - INFO - Successfully imported 1 SKU records for product 4404077217
2025-02-14 01:45:44,762 - INFO - Successfully imported 1 SKU records for product 4445659736
2025-02-14 01:45:45,191 - INFO - Successfully imported 1 SKU records for product 4400080225
2025-02-14 01:45:45,948 - INFO - Successfully imported 6 SKU records for product 4433644001
2025-02-14 01:45:46,399 - INFO - Successfully imported 1 SKU records for product 4420289500
2025-02-14 01:45:46,934 - INFO - Successfully imported 1 SKU records for product 4419823447
2025-02-14 01:45:47,897 - INFO - Successfully imported 8 SKU records for product 4411098442
2025-02-14 01:45:48,251 - INFO - Successfully imported 1 SKU records for product 4431006643
2025-02-14 01:45:48,708 - INFO - Successfully imported 1 SKU records for product 4419747397
2025-02-14 01:45:49,157 - INFO - Successfully imported 1 SKU records for product 4425484138
2025-02-14 01:45:50,066 - INFO - Successfully imported 8 SKU records for product 4423995648
2025-02-14 01:45:50,488 - INFO - Successfully imported 1 SKU records for product 4432037785
2025-02-14 01:45:50,810 - INFO - Successfully imported 1 SKU records for product 4430741794
2025-02-14 01:45:51,197 - INFO - Successfully imported 1 SKU records for product 4448130075
2025-02-14 01:45:51,574 - INFO - Successfully imported 1 SKU records for product 4419758541
2025-02-14 01:45:51,956 - INFO - Successfully imported 1 SKU records for product 4433889145
2025-02-14 01:45:52,480 - INFO - Successfully imported 1 SKU records for product 4430264750
2025-02-14 01:45:52,854 - INFO - Successfully imported 1 SKU records for product 4416385922
2025-02-14 01:45:53,186 - INFO - Successfully imported 1 SKU records for product 4416593150
2025-02-14 01:45:53,520 - INFO - Successfully imported 1 SKU records for product 4426549525
2025-02-14 01:45:53,966 - INFO - Successfully imported 1 SKU records for product 4399831682
2025-02-14 01:45:54,424 - INFO - Successfully imported 2 SKU records for product 4436781496
2025-02-14 01:45:54,761 - INFO - Successfully imported 1 SKU records for product 4401705618
2025-02-14 01:45:55,105 - INFO - Successfully imported 1 SKU records for product 4445831343
2025-02-14 01:45:55,511 - INFO - Successfully imported 1 SKU records for product 4419771681
2025-02-14 01:45:55,808 - INFO - Successfully imported 1 SKU records for product 4385174580
2025-02-14 01:45:56,213 - INFO - Successfully imported 1 SKU records for product 4419776937
2025-02-14 01:45:56,617 - INFO - Successfully imported 1 SKU records for product 4430080981
2025-02-14 01:45:57,091 - INFO - Successfully imported 2 SKU records for product 4434027411
2025-02-14 01:45:57,519 - INFO - Successfully imported 2 SKU records for product 4399772770
2025-02-14 01:45:57,928 - INFO - Successfully imported 1 SKU records for product 4417744689
2025-02-14 01:45:58,332 - INFO - Successfully imported 1 SKU records for product 4439057267
2025-02-14 01:45:58,665 - INFO - Successfully imported 1 SKU records for product 4426204471
2025-02-14 01:45:59,199 - INFO - Successfully imported 3 SKU records for product 4448209221
2025-02-14 01:45:59,604 - INFO - Successfully imported 2 SKU records for product 4434249130
2025-02-14 01:45:59,988 - INFO - Successfully imported 1 SKU records for product 4416712367
2025-02-14 01:46:00,389 - INFO - Successfully imported 1 SKU records for product 4424176065
2025-02-14 01:46:01,048 - INFO - Successfully imported 3 SKU records for product 4419840516
2025-02-14 01:46:01,528 - INFO - Successfully imported 1 SKU records for product 4427404304
2025-02-14 01:46:02,515 - INFO - Successfully imported 6 SKU records for product 4411466253
2025-02-14 01:46:02,936 - INFO - Successfully imported 1 SKU records for product 4419916173
2025-02-14 01:46:02,936 - INFO - Total products processed: 200
2025-02-14 01:46:03,939 - INFO - Fetching products with offset 200
2025-02-14 01:46:06,075 - INFO - Successfully imported 16 basic product records
2025-02-14 01:46:06,544 - INFO - Successfully imported 1 SKU records for product 4365453714
2025-02-14 01:46:07,005 - INFO - Successfully imported 1 SKU records for product 4326299134
2025-02-14 01:46:07,378 - INFO - Successfully imported 1 SKU records for product 4236088185
2025-02-14 01:46:07,755 - INFO - Successfully imported 1 SKU records for product 4093204125
2025-02-14 01:46:08,453 - INFO - Successfully imported 3 SKU records for product 4360096453
2025-02-14 01:46:08,916 - INFO - Successfully imported 1 SKU records for product 4355636983
2025-02-14 01:46:09,299 - INFO - Successfully imported 1 SKU records for product 4303730991
2025-02-14 01:46:09,736 - INFO - Successfully imported 1 SKU records for product 4289242339
2025-02-14 01:46:10,144 - INFO - Successfully imported 1 SKU records for product 4327581501
2025-02-14 01:46:10,543 - INFO - Successfully imported 1 SKU records for product 4327395842
2025-02-14 01:46:10,933 - INFO - Successfully imported 1 SKU records for product 4381975808
2025-02-14 01:46:11,276 - INFO - Successfully imported 1 SKU records for product 4114729105
2025-02-14 01:46:11,643 - INFO - Successfully imported 2 SKU records for product 4330346121
2025-02-14 01:46:12,067 - INFO - Successfully imported 2 SKU records for product 4362217593
2025-02-14 01:46:12,574 - INFO - Successfully imported 3 SKU records for product 4360255070
2025-02-14 01:46:12,932 - INFO - Successfully imported 1 SKU records for product 4196638173
2025-02-14 01:46:12,932 - INFO - Total products processed: 216
2025-02-14 01:46:13,933 - INFO - Fetching products with offset 250
2025-02-14 01:46:14,289 - ERROR - Main process error: 'products'
